============================= test session starts ==============================
platform darwin -- Python 3.11.14, pytest-9.0.1, pluggy-1.6.0 -- /opt/homebrew/opt/python@3.11/bin/python3.11
cachedir: .pytest_cache
benchmark: 5.2.3 (defaults: timer=time.perf_counter disable_gc=False min_rounds=5 min_time=0.000005 max_time=1.0 calibration_precision=10 warmup=False warmup_iterations=100000)
rootdir: /Users/ohseho/Desktop/autus
configfile: pyproject.toml
testpaths: tests
plugins: benchmark-5.2.3, anyio-4.11.0, asyncio-1.3.0, cov-7.0.0
asyncio: mode=Mode.STRICT, debug=False, asyncio_default_fixture_loop_scope=None, asyncio_default_test_loop_scope=function
collecting ... collected 898 items / 10 skipped

tests/armp/test_all_risks.py::TestAllRisksPrevention::test_risk_prevention[risk0] PASSED [  0%]
tests/armp/test_all_risks.py::TestAllRisksPrevention::test_risk_prevention[risk1] PASSED [  0%]
tests/armp/test_all_risks.py::TestAllRisksPrevention::test_risk_prevention[risk2] PASSED [  0%]
tests/armp/test_all_risks.py::TestAllRisksPrevention::test_risk_prevention[risk3] PASSED [  0%]
tests/armp/test_all_risks.py::TestAllRisksPrevention::test_risk_prevention[risk4] PASSED [  0%]
tests/armp/test_all_risks.py::TestAllRisksPrevention::test_risk_prevention[risk5] PASSED [  0%]
tests/armp/test_all_risks.py::TestAllRisksPrevention::test_risk_prevention[risk6] PASSED [  0%]
tests/armp/test_all_risks.py::TestAllRisksPrevention::test_risk_prevention[risk7] PASSED [  0%]
tests/armp/test_all_risks.py::TestAllRisksPrevention::test_risk_prevention[risk8] PASSED [  1%]
tests/armp/test_all_risks.py::TestAllRisksPrevention::test_risk_prevention[risk9] PASSED [  1%]
tests/armp/test_all_risks.py::TestAllRisksDetection::test_risk_detection[risk0] PASSED [  1%]
tests/armp/test_all_risks.py::TestAllRisksDetection::test_risk_detection[risk1] PASSED [  1%]
tests/armp/test_all_risks.py::TestAllRisksDetection::test_risk_detection[risk2] PASSED [  1%]
tests/armp/test_all_risks.py::TestAllRisksDetection::test_risk_detection[risk3] PASSED [  1%]
tests/armp/test_all_risks.py::TestAllRisksDetection::test_risk_detection[risk4] PASSED [  1%]
tests/armp/test_all_risks.py::TestAllRisksDetection::test_risk_detection[risk5] PASSED [  1%]
tests/armp/test_all_risks.py::TestAllRisksDetection::test_risk_detection[risk6] PASSED [  1%]
tests/armp/test_all_risks.py::TestAllRisksDetection::test_risk_detection[risk7] PASSED [  2%]
tests/armp/test_all_risks.py::TestAllRisksDetection::test_risk_detection[risk8] PASSED [  2%]
tests/armp/test_all_risks.py::TestAllRisksDetection::test_risk_detection[risk9] PASSED [  2%]
tests/armp/test_all_risks.py::TestAllRisksDetection::test_critical_risks_detection[NOTSET] SKIPPED [  2%]
tests/armp/test_all_risks.py::TestAllRisksResponse::test_risk_response[risk0] PASSED [  2%]
tests/armp/test_all_risks.py::TestAllRisksResponse::test_risk_response[risk1] PASSED [  2%]
tests/armp/test_all_risks.py::TestAllRisksResponse::test_risk_response[risk2] PASSED [  2%]
tests/armp/test_all_risks.py::TestAllRisksResponse::test_risk_response[risk3] PASSED [  2%]
tests/armp/test_all_risks.py::TestAllRisksResponse::test_risk_response[risk4] PASSED [  2%]
tests/armp/test_all_risks.py::TestAllRisksResponse::test_risk_response[risk5] PASSED [  3%]
tests/armp/test_all_risks.py::TestAllRisksResponse::test_risk_response[risk6] PASSED [  3%]
tests/armp/test_all_risks.py::TestAllRisksResponse::test_risk_response[risk7] PASSED [  3%]
tests/armp/test_all_risks.py::TestAllRisksResponse::test_risk_response[risk8] PASSED [  3%]
tests/armp/test_all_risks.py::TestAllRisksResponse::test_risk_response[risk9] PASSED [  3%]
tests/armp/test_all_risks.py::TestAllRisksRecovery::test_risk_recovery[risk0] PASSED [  3%]
tests/armp/test_all_risks.py::TestAllRisksRecovery::test_risk_recovery[risk1] PASSED [  3%]
tests/armp/test_all_risks.py::TestAllRisksRecovery::test_risk_recovery[risk2] PASSED [  3%]
tests/armp/test_all_risks.py::TestAllRisksRecovery::test_risk_recovery[risk3] PASSED [  3%]
tests/armp/test_all_risks.py::TestAllRisksRecovery::test_risk_recovery[risk4] PASSED [  4%]
tests/armp/test_all_risks.py::TestAllRisksRecovery::test_risk_recovery[risk5] PASSED [  4%]
tests/armp/test_all_risks.py::TestAllRisksRecovery::test_risk_recovery[risk6] PASSED [  4%]
tests/armp/test_all_risks.py::TestAllRisksRecovery::test_risk_recovery[risk7] PASSED [  4%]
tests/armp/test_all_risks.py::TestAllRisksRecovery::test_risk_recovery[risk8] PASSED [  4%]
tests/armp/test_all_risks.py::TestAllRisksRecovery::test_risk_recovery[risk9] PASSED [  4%]
tests/armp/test_all_risks.py::TestRiskProperties::test_risk_has_name[risk0] PASSED [  4%]
tests/armp/test_all_risks.py::TestRiskProperties::test_risk_has_name[risk1] PASSED [  4%]
tests/armp/test_all_risks.py::TestRiskProperties::test_risk_has_name[risk2] PASSED [  4%]
tests/armp/test_all_risks.py::TestRiskProperties::test_risk_has_name[risk3] PASSED [  5%]
tests/armp/test_all_risks.py::TestRiskProperties::test_risk_has_name[risk4] PASSED [  5%]
tests/armp/test_all_risks.py::TestRiskProperties::test_risk_has_name[risk5] PASSED [  5%]
tests/armp/test_all_risks.py::TestRiskProperties::test_risk_has_name[risk6] PASSED [  5%]
tests/armp/test_all_risks.py::TestRiskProperties::test_risk_has_name[risk7] PASSED [  5%]
tests/armp/test_all_risks.py::TestRiskProperties::test_risk_has_name[risk8] PASSED [  5%]
tests/armp/test_all_risks.py::TestRiskProperties::test_risk_has_name[risk9] PASSED [  5%]
tests/armp/test_all_risks.py::TestRiskProperties::test_risk_has_category[risk0] PASSED [  5%]
tests/armp/test_all_risks.py::TestRiskProperties::test_risk_has_category[risk1] PASSED [  5%]
tests/armp/test_all_risks.py::TestRiskProperties::test_risk_has_category[risk2] PASSED [  6%]
tests/armp/test_all_risks.py::TestRiskProperties::test_risk_has_category[risk3] PASSED [  6%]
tests/armp/test_all_risks.py::TestRiskProperties::test_risk_has_category[risk4] PASSED [  6%]
tests/armp/test_all_risks.py::TestRiskProperties::test_risk_has_category[risk5] PASSED [  6%]
tests/armp/test_all_risks.py::TestRiskProperties::test_risk_has_category[risk6] PASSED [  6%]
tests/armp/test_all_risks.py::TestRiskProperties::test_risk_has_category[risk7] PASSED [  6%]
tests/armp/test_all_risks.py::TestRiskProperties::test_risk_has_category[risk8] PASSED [  6%]
tests/armp/test_all_risks.py::TestRiskProperties::test_risk_has_category[risk9] PASSED [  6%]
tests/armp/test_all_risks.py::TestRiskProperties::test_risk_has_severity[risk0] PASSED [  6%]
tests/armp/test_all_risks.py::TestRiskProperties::test_risk_has_severity[risk1] PASSED [  7%]
tests/armp/test_all_risks.py::TestRiskProperties::test_risk_has_severity[risk2] PASSED [  7%]
tests/armp/test_all_risks.py::TestRiskProperties::test_risk_has_severity[risk3] PASSED [  7%]
tests/armp/test_all_risks.py::TestRiskProperties::test_risk_has_severity[risk4] PASSED [  7%]
tests/armp/test_all_risks.py::TestRiskProperties::test_risk_has_severity[risk5] PASSED [  7%]
tests/armp/test_all_risks.py::TestRiskProperties::test_risk_has_severity[risk6] PASSED [  7%]
tests/armp/test_all_risks.py::TestRiskProperties::test_risk_has_severity[risk7] PASSED [  7%]
tests/armp/test_all_risks.py::TestRiskProperties::test_risk_has_severity[risk8] PASSED [  7%]
tests/armp/test_all_risks.py::TestRiskProperties::test_risk_has_severity[risk9] PASSED [  7%]
tests/armp/test_all_risks.py::TestRiskProperties::test_risk_has_description[risk0] PASSED [  8%]
tests/armp/test_all_risks.py::TestRiskProperties::test_risk_has_description[risk1] PASSED [  8%]
tests/armp/test_all_risks.py::TestRiskProperties::test_risk_has_description[risk2] PASSED [  8%]
tests/armp/test_all_risks.py::TestRiskProperties::test_risk_has_description[risk3] PASSED [  8%]
tests/armp/test_all_risks.py::TestRiskProperties::test_risk_has_description[risk4] PASSED [  8%]
tests/armp/test_all_risks.py::TestRiskProperties::test_risk_has_description[risk5] PASSED [  8%]
tests/armp/test_all_risks.py::TestRiskProperties::test_risk_has_description[risk6] PASSED [  8%]
tests/armp/test_all_risks.py::TestRiskProperties::test_risk_has_description[risk7] PASSED [  8%]
tests/armp/test_all_risks.py::TestRiskProperties::test_risk_has_description[risk8] PASSED [  8%]
tests/armp/test_all_risks.py::TestRiskProperties::test_risk_has_description[risk9] PASSED [  9%]
tests/armp/test_all_risks.py::TestRiskMethods::test_risk_has_all_methods[risk0] PASSED [  9%]
tests/armp/test_all_risks.py::TestRiskMethods::test_risk_has_all_methods[risk1] PASSED [  9%]
tests/armp/test_all_risks.py::TestRiskMethods::test_risk_has_all_methods[risk2] PASSED [  9%]
tests/armp/test_all_risks.py::TestRiskMethods::test_risk_has_all_methods[risk3] PASSED [  9%]
tests/armp/test_all_risks.py::TestRiskMethods::test_risk_has_all_methods[risk4] PASSED [  9%]
tests/armp/test_all_risks.py::TestRiskMethods::test_risk_has_all_methods[risk5] PASSED [  9%]
tests/armp/test_all_risks.py::TestRiskMethods::test_risk_has_all_methods[risk6] PASSED [  9%]
tests/armp/test_all_risks.py::TestRiskMethods::test_risk_has_all_methods[risk7] PASSED [  9%]
tests/armp/test_all_risks.py::TestRiskMethods::test_risk_has_all_methods[risk8] PASSED [ 10%]
tests/armp/test_all_risks.py::TestRiskMethods::test_risk_has_all_methods[risk9] PASSED [ 10%]
tests/armp/test_all_risks.py::TestSecurityRisks::test_security_risk_detection[NOTSET] SKIPPED [ 10%]
tests/armp/test_all_risks.py::TestSecurityRisks::test_pii_risk_specific PASSED [ 10%]
tests/armp/test_all_risks.py::TestAPIRisks::test_api_risk_detection[risk0] PASSED [ 10%]
tests/armp/test_all_risks.py::TestAPIRisks::test_api_risk_detection[risk1] PASSED [ 10%]
tests/armp/test_all_risks.py::TestAPIRisks::test_api_risk_detection[risk2] PASSED [ 10%]
tests/armp/test_all_risks.py::TestDataRisks::test_data_risk_detection[NOTSET] SKIPPED [ 10%]
tests/armp/test_all_risks.py::TestPerformanceRisks::test_performance_risk_detection[risk0] PASSED [ 10%]
tests/armp/test_all_risks.py::TestPerformanceRisks::test_performance_risk_detection[risk1] PASSED [ 11%]
tests/armp/test_all_risks.py::TestPerformanceRisks::test_performance_risk_detection[risk2] PASSED [ 11%]
tests/armp/test_all_risks.py::TestPerformanceRisks::test_performance_risk_detection[risk3] PASSED [ 11%]
tests/armp/test_all_risks.py::TestProtocolRisks::test_protocol_risk_detection[risk0] PASSED [ 11%]
tests/armp/test_all_risks.py::TestProtocolRisks::test_protocol_risk_detection[risk1] PASSED [ 11%]
tests/armp/test_all_risks.py::TestProtocolRisks::test_protocol_risk_detection[risk2] PASSED [ 11%]
tests/armp/test_all_risks.py::TestRiskEnforcement::test_all_risks_registered FAILED [ 11%]
tests/armp/test_all_risks.py::TestRiskEnforcement::test_risk_categories_covered FAILED [ 11%]
tests/armp/test_all_risks.py::TestRiskEnforcement::test_severity_distribution FAILED [ 11%]
tests/armp/test_all_risks_comprehensive.py::TestAllRisksBasics::test_all_30_risks_found PASSED [ 12%]
tests/armp/test_all_risks_comprehensive.py::TestAllRisksBasics::test_all_risks_have_name PASSED [ 12%]
tests/armp/test_all_risks_comprehensive.py::TestAllRisksBasics::test_all_risks_have_category PASSED [ 12%]
tests/armp/test_all_risks_comprehensive.py::TestAllRisksBasics::test_all_risks_have_severity PASSED [ 12%]
tests/armp/test_all_risks_comprehensive.py::TestAllRisksBasics::test_all_risks_have_description PASSED [ 12%]
tests/armp/test_all_risks_comprehensive.py::TestRiskCategories::test_security_risks PASSED [ 12%]
tests/armp/test_all_risks_comprehensive.py::TestRiskCategories::test_api_risks PASSED [ 12%]
tests/armp/test_all_risks_comprehensive.py::TestRiskCategories::test_data_risks PASSED [ 12%]
tests/armp/test_all_risks_comprehensive.py::TestRiskCategories::test_performance_risks PASSED [ 12%]
tests/armp/test_all_risks_comprehensive.py::TestRiskCategories::test_protocol_risks PASSED [ 13%]
tests/armp/test_all_risks_comprehensive.py::TestRiskSeverities::test_critical_risks PASSED [ 13%]
tests/armp/test_all_risks_comprehensive.py::TestRiskSeverities::test_high_risks PASSED [ 13%]
tests/armp/test_all_risks_comprehensive.py::TestRiskSeverities::test_medium_risks PASSED [ 13%]
tests/armp/test_all_risks_comprehensive.py::TestRiskSeverities::test_low_risks PASSED [ 13%]
tests/armp/test_all_risks_comprehensive.py::TestRiskMethods::test_risk_has_prevent_method[CodeInjectionRisk] PASSED [ 13%]
tests/armp/test_all_risks_comprehensive.py::TestRiskMethods::test_risk_has_prevent_method[DatabaseCorruptionRisk] PASSED [ 13%]
tests/armp/test_all_risks_comprehensive.py::TestRiskMethods::test_risk_has_prevent_method[PIIStorageRisk] PASSED [ 13%]
tests/armp/test_all_risks_comprehensive.py::TestRiskMethods::test_risk_has_prevent_method[PerformanceBudgetRisk] PASSED [ 13%]
tests/armp/test_all_risks_comprehensive.py::TestRiskMethods::test_risk_has_prevent_method[RateLimitRisk] PASSED [ 14%]
tests/armp/test_all_risks_comprehensive.py::TestRiskMethods::test_risk_has_prevent_method[CredentialExposureRisk] PASSED [ 14%]
tests/armp/test_all_risks_comprehensive.py::TestRiskMethods::test_risk_has_prevent_method[MaliciousPackageRisk] PASSED [ 14%]
tests/armp/test_all_risks_comprehensive.py::TestRiskMethods::test_risk_has_prevent_method[SQLInjectionRisk] PASSED [ 14%]
tests/armp/test_all_risks_comprehensive.py::TestRiskMethods::test_risk_has_prevent_method[NetworkConnectivityRisk] PASSED [ 14%]
tests/armp/test_all_risks_comprehensive.py::TestRiskMethods::test_risk_has_prevent_method[PathTraversalRisk] PASSED [ 14%]
tests/armp/test_all_risks_comprehensive.py::TestRiskMethods::test_risk_has_prevent_method[SSLCertificateRisk] PASSED [ 14%]
tests/armp/test_all_risks_comprehensive.py::TestRiskMethods::test_risk_has_prevent_method[UnauthorizedFileAccessRisk] PASSED [ 14%]
tests/armp/test_all_risks_comprehensive.py::TestRiskMethods::test_risk_has_prevent_method[BackupFailureRisk] PASSED [ 14%]
tests/armp/test_all_risks_comprehensive.py::TestRiskMethods::test_risk_has_prevent_method[DataMigrationRisk] PASSED [ 15%]
tests/armp/test_all_risks_comprehensive.py::TestRiskMethods::test_risk_has_prevent_method[TransactionRollbackRisk] PASSED [ 15%]
tests/armp/test_all_risks_comprehensive.py::TestRiskMethods::test_risk_has_prevent_method[DiskSpaceRisk] PASSED [ 15%]
tests/armp/test_all_risks_comprehensive.py::TestRiskMethods::test_risk_has_prevent_method[MemoryLeakRisk] PASSED [ 15%]
tests/armp/test_all_risks_comprehensive.py::TestRiskMethods::test_risk_has_prevent_method[APIResponseTimeoutRisk] PASSED [ 15%]
tests/armp/test_all_risks_comprehensive.py::TestRiskMethods::test_risk_has_prevent_method[APIVersionMismatchRisk] PASSED [ 15%]
tests/armp/test_all_risks_comprehensive.py::TestRiskMethods::test_risk_has_prevent_method[ExternalServiceFailureRisk] PASSED [ 15%]
tests/armp/test_all_risks_comprehensive.py::TestRiskMethods::test_risk_has_prevent_method[SchemaVersionMismatchRisk] PASSED [ 15%]
tests/armp/test_all_risks_comprehensive.py::TestRiskMethods::test_risk_has_prevent_method[CPUThresholdRisk] PASSED [ 15%]
tests/armp/test_all_risks_comprehensive.py::TestRiskMethods::test_risk_has_prevent_method[ResponseTimeDegradationRisk] PASSED [ 16%]
tests/armp/test_all_risks_comprehensive.py::TestRiskMethods::test_risk_has_prevent_method[InvalidProtocolMessageRisk] PASSED [ 16%]
tests/armp/test_all_risks_comprehensive.py::TestRiskMethods::test_risk_has_prevent_method[ProtocolStateCorruptionRisk] PASSED [ 16%]
tests/armp/test_all_risks_comprehensive.py::TestRiskMethods::test_risk_has_prevent_method[ProtocolVersionIncompatibleRisk] PASSED [ 16%]
tests/armp/test_all_risks_comprehensive.py::TestRiskMethods::test_risk_has_prevent_method[APIKeyExposureRisk] PASSED [ 16%]
tests/armp/test_all_risks_comprehensive.py::TestRiskMethods::test_risk_has_prevent_method[ConstitutionViolationRisk] PASSED [ 16%]
tests/armp/test_all_risks_comprehensive.py::TestRiskMethods::test_risk_has_prevent_method[DataLossEventRisk] PASSED [ 16%]
tests/armp/test_all_risks_comprehensive.py::TestRiskMethods::test_risk_has_prevent_method[WebhookFailureRisk] PASSED [ 16%]
tests/armp/test_all_risks_comprehensive.py::TestRiskMethods::test_risk_has_detect_method[CodeInjectionRisk] PASSED [ 16%]
tests/armp/test_all_risks_comprehensive.py::TestRiskMethods::test_risk_has_detect_method[DatabaseCorruptionRisk] PASSED [ 17%]
tests/armp/test_all_risks_comprehensive.py::TestRiskMethods::test_risk_has_detect_method[PIIStorageRisk] PASSED [ 17%]
tests/armp/test_all_risks_comprehensive.py::TestRiskMethods::test_risk_has_detect_method[PerformanceBudgetRisk] PASSED [ 17%]
tests/armp/test_all_risks_comprehensive.py::TestRiskMethods::test_risk_has_detect_method[RateLimitRisk] PASSED [ 17%]
tests/armp/test_all_risks_comprehensive.py::TestRiskMethods::test_risk_has_detect_method[CredentialExposureRisk] PASSED [ 17%]
tests/armp/test_all_risks_comprehensive.py::TestRiskMethods::test_risk_has_detect_method[MaliciousPackageRisk] PASSED [ 17%]
tests/armp/test_all_risks_comprehensive.py::TestRiskMethods::test_risk_has_detect_method[SQLInjectionRisk] PASSED [ 17%]
tests/armp/test_all_risks_comprehensive.py::TestRiskMethods::test_risk_has_detect_method[NetworkConnectivityRisk] PASSED [ 17%]
tests/armp/test_all_risks_comprehensive.py::TestRiskMethods::test_risk_has_detect_method[PathTraversalRisk] PASSED [ 17%]
tests/armp/test_all_risks_comprehensive.py::TestRiskMethods::test_risk_has_detect_method[SSLCertificateRisk] PASSED [ 18%]
tests/armp/test_all_risks_comprehensive.py::TestRiskMethods::test_risk_has_detect_method[UnauthorizedFileAccessRisk] PASSED [ 18%]
tests/armp/test_all_risks_comprehensive.py::TestRiskMethods::test_risk_has_detect_method[BackupFailureRisk] PASSED [ 18%]
tests/armp/test_all_risks_comprehensive.py::TestRiskMethods::test_risk_has_detect_method[DataMigrationRisk] PASSED [ 18%]
tests/armp/test_all_risks_comprehensive.py::TestRiskMethods::test_risk_has_detect_method[TransactionRollbackRisk] PASSED [ 18%]
tests/armp/test_all_risks_comprehensive.py::TestRiskMethods::test_risk_has_detect_method[DiskSpaceRisk] PASSED [ 18%]
tests/armp/test_all_risks_comprehensive.py::TestRiskMethods::test_risk_has_detect_method[MemoryLeakRisk] PASSED [ 18%]
tests/armp/test_all_risks_comprehensive.py::TestRiskMethods::test_risk_has_detect_method[APIResponseTimeoutRisk] PASSED [ 18%]
tests/armp/test_all_risks_comprehensive.py::TestRiskMethods::test_risk_has_detect_method[APIVersionMismatchRisk] PASSED [ 18%]
tests/armp/test_all_risks_comprehensive.py::TestRiskMethods::test_risk_has_detect_method[ExternalServiceFailureRisk] PASSED [ 19%]
tests/armp/test_all_risks_comprehensive.py::TestRiskMethods::test_risk_has_detect_method[SchemaVersionMismatchRisk] PASSED [ 19%]
tests/armp/test_all_risks_comprehensive.py::TestRiskMethods::test_risk_has_detect_method[CPUThresholdRisk] PASSED [ 19%]
tests/armp/test_all_risks_comprehensive.py::TestRiskMethods::test_risk_has_detect_method[ResponseTimeDegradationRisk] PASSED [ 19%]
tests/armp/test_all_risks_comprehensive.py::TestRiskMethods::test_risk_has_detect_method[InvalidProtocolMessageRisk] PASSED [ 19%]
tests/armp/test_all_risks_comprehensive.py::TestRiskMethods::test_risk_has_detect_method[ProtocolStateCorruptionRisk] PASSED [ 19%]
tests/armp/test_all_risks_comprehensive.py::TestRiskMethods::test_risk_has_detect_method[ProtocolVersionIncompatibleRisk] PASSED [ 19%]
tests/armp/test_all_risks_comprehensive.py::TestRiskMethods::test_risk_has_detect_method[APIKeyExposureRisk] PASSED [ 19%]
tests/armp/test_all_risks_comprehensive.py::TestRiskMethods::test_risk_has_detect_method[ConstitutionViolationRisk] PASSED [ 19%]
tests/armp/test_all_risks_comprehensive.py::TestRiskMethods::test_risk_has_detect_method[DataLossEventRisk] PASSED [ 20%]
tests/armp/test_all_risks_comprehensive.py::TestRiskMethods::test_risk_has_detect_method[WebhookFailureRisk] PASSED [ 20%]
tests/armp/test_all_risks_comprehensive.py::TestRiskMethods::test_risk_has_respond_method[CodeInjectionRisk] PASSED [ 20%]
tests/armp/test_all_risks_comprehensive.py::TestRiskMethods::test_risk_has_respond_method[DatabaseCorruptionRisk] PASSED [ 20%]
tests/armp/test_all_risks_comprehensive.py::TestRiskMethods::test_risk_has_respond_method[PIIStorageRisk] PASSED [ 20%]
tests/armp/test_all_risks_comprehensive.py::TestRiskMethods::test_risk_has_respond_method[PerformanceBudgetRisk] PASSED [ 20%]
tests/armp/test_all_risks_comprehensive.py::TestRiskMethods::test_risk_has_respond_method[RateLimitRisk] PASSED [ 20%]
tests/armp/test_all_risks_comprehensive.py::TestRiskMethods::test_risk_has_respond_method[CredentialExposureRisk] PASSED [ 20%]
tests/armp/test_all_risks_comprehensive.py::TestRiskMethods::test_risk_has_respond_method[MaliciousPackageRisk] PASSED [ 20%]
tests/armp/test_all_risks_comprehensive.py::TestRiskMethods::test_risk_has_respond_method[SQLInjectionRisk] PASSED [ 21%]
tests/armp/test_all_risks_comprehensive.py::TestRiskMethods::test_risk_has_respond_method[NetworkConnectivityRisk] PASSED [ 21%]
tests/armp/test_all_risks_comprehensive.py::TestRiskMethods::test_risk_has_respond_method[PathTraversalRisk] PASSED [ 21%]
tests/armp/test_all_risks_comprehensive.py::TestRiskMethods::test_risk_has_respond_method[SSLCertificateRisk] PASSED [ 21%]
tests/armp/test_all_risks_comprehensive.py::TestRiskMethods::test_risk_has_respond_method[UnauthorizedFileAccessRisk] PASSED [ 21%]
tests/armp/test_all_risks_comprehensive.py::TestRiskMethods::test_risk_has_respond_method[BackupFailureRisk] PASSED [ 21%]
tests/armp/test_all_risks_comprehensive.py::TestRiskMethods::test_risk_has_respond_method[DataMigrationRisk] PASSED [ 21%]
tests/armp/test_all_risks_comprehensive.py::TestRiskMethods::test_risk_has_respond_method[TransactionRollbackRisk] PASSED [ 21%]
tests/armp/test_all_risks_comprehensive.py::TestRiskMethods::test_risk_has_respond_method[DiskSpaceRisk] PASSED [ 21%]
tests/armp/test_all_risks_comprehensive.py::TestRiskMethods::test_risk_has_respond_method[MemoryLeakRisk] PASSED [ 22%]
tests/armp/test_all_risks_comprehensive.py::TestRiskMethods::test_risk_has_respond_method[APIResponseTimeoutRisk] PASSED [ 22%]
tests/armp/test_all_risks_comprehensive.py::TestRiskMethods::test_risk_has_respond_method[APIVersionMismatchRisk] PASSED [ 22%]
tests/armp/test_all_risks_comprehensive.py::TestRiskMethods::test_risk_has_respond_method[ExternalServiceFailureRisk] PASSED [ 22%]
tests/armp/test_all_risks_comprehensive.py::TestRiskMethods::test_risk_has_respond_method[SchemaVersionMismatchRisk] PASSED [ 22%]
tests/armp/test_all_risks_comprehensive.py::TestRiskMethods::test_risk_has_respond_method[CPUThresholdRisk] PASSED [ 22%]
tests/armp/test_all_risks_comprehensive.py::TestRiskMethods::test_risk_has_respond_method[ResponseTimeDegradationRisk] PASSED [ 22%]
tests/armp/test_all_risks_comprehensive.py::TestRiskMethods::test_risk_has_respond_method[InvalidProtocolMessageRisk] PASSED [ 22%]
tests/armp/test_all_risks_comprehensive.py::TestRiskMethods::test_risk_has_respond_method[ProtocolStateCorruptionRisk] PASSED [ 22%]
tests/armp/test_all_risks_comprehensive.py::TestRiskMethods::test_risk_has_respond_method[ProtocolVersionIncompatibleRisk] PASSED [ 23%]
tests/armp/test_all_risks_comprehensive.py::TestRiskMethods::test_risk_has_respond_method[APIKeyExposureRisk] PASSED [ 23%]
tests/armp/test_all_risks_comprehensive.py::TestRiskMethods::test_risk_has_respond_method[ConstitutionViolationRisk] PASSED [ 23%]
tests/armp/test_all_risks_comprehensive.py::TestRiskMethods::test_risk_has_respond_method[DataLossEventRisk] PASSED [ 23%]
tests/armp/test_all_risks_comprehensive.py::TestRiskMethods::test_risk_has_respond_method[WebhookFailureRisk] PASSED [ 23%]
tests/armp/test_all_risks_comprehensive.py::TestRiskMethods::test_risk_has_recover_method[CodeInjectionRisk] PASSED [ 23%]
tests/armp/test_all_risks_comprehensive.py::TestRiskMethods::test_risk_has_recover_method[DatabaseCorruptionRisk] PASSED [ 23%]
tests/armp/test_all_risks_comprehensive.py::TestRiskMethods::test_risk_has_recover_method[PIIStorageRisk] PASSED [ 23%]
tests/armp/test_all_risks_comprehensive.py::TestRiskMethods::test_risk_has_recover_method[PerformanceBudgetRisk] PASSED [ 23%]
tests/armp/test_all_risks_comprehensive.py::TestRiskMethods::test_risk_has_recover_method[RateLimitRisk] PASSED [ 24%]
tests/armp/test_all_risks_comprehensive.py::TestRiskMethods::test_risk_has_recover_method[CredentialExposureRisk] PASSED [ 24%]
tests/armp/test_all_risks_comprehensive.py::TestRiskMethods::test_risk_has_recover_method[MaliciousPackageRisk] PASSED [ 24%]
tests/armp/test_all_risks_comprehensive.py::TestRiskMethods::test_risk_has_recover_method[SQLInjectionRisk] PASSED [ 24%]
tests/armp/test_all_risks_comprehensive.py::TestRiskMethods::test_risk_has_recover_method[NetworkConnectivityRisk] PASSED [ 24%]
tests/armp/test_all_risks_comprehensive.py::TestRiskMethods::test_risk_has_recover_method[PathTraversalRisk] PASSED [ 24%]
tests/armp/test_all_risks_comprehensive.py::TestRiskMethods::test_risk_has_recover_method[SSLCertificateRisk] PASSED [ 24%]
tests/armp/test_all_risks_comprehensive.py::TestRiskMethods::test_risk_has_recover_method[UnauthorizedFileAccessRisk] PASSED [ 24%]
tests/armp/test_all_risks_comprehensive.py::TestRiskMethods::test_risk_has_recover_method[BackupFailureRisk] PASSED [ 24%]
tests/armp/test_all_risks_comprehensive.py::TestRiskMethods::test_risk_has_recover_method[DataMigrationRisk] PASSED [ 25%]
tests/armp/test_all_risks_comprehensive.py::TestRiskMethods::test_risk_has_recover_method[TransactionRollbackRisk] PASSED [ 25%]
tests/armp/test_all_risks_comprehensive.py::TestRiskMethods::test_risk_has_recover_method[DiskSpaceRisk] PASSED [ 25%]
tests/armp/test_all_risks_comprehensive.py::TestRiskMethods::test_risk_has_recover_method[MemoryLeakRisk] PASSED [ 25%]
tests/armp/test_all_risks_comprehensive.py::TestRiskMethods::test_risk_has_recover_method[APIResponseTimeoutRisk] PASSED [ 25%]
tests/armp/test_all_risks_comprehensive.py::TestRiskMethods::test_risk_has_recover_method[APIVersionMismatchRisk] PASSED [ 25%]
tests/armp/test_all_risks_comprehensive.py::TestRiskMethods::test_risk_has_recover_method[ExternalServiceFailureRisk] PASSED [ 25%]
tests/armp/test_all_risks_comprehensive.py::TestRiskMethods::test_risk_has_recover_method[SchemaVersionMismatchRisk] PASSED [ 25%]
tests/armp/test_all_risks_comprehensive.py::TestRiskMethods::test_risk_has_recover_method[CPUThresholdRisk] PASSED [ 25%]
tests/armp/test_all_risks_comprehensive.py::TestRiskMethods::test_risk_has_recover_method[ResponseTimeDegradationRisk] PASSED [ 26%]
tests/armp/test_all_risks_comprehensive.py::TestRiskMethods::test_risk_has_recover_method[InvalidProtocolMessageRisk] PASSED [ 26%]
tests/armp/test_all_risks_comprehensive.py::TestRiskMethods::test_risk_has_recover_method[ProtocolStateCorruptionRisk] PASSED [ 26%]
tests/armp/test_all_risks_comprehensive.py::TestRiskMethods::test_risk_has_recover_method[ProtocolVersionIncompatibleRisk] PASSED [ 26%]
tests/armp/test_all_risks_comprehensive.py::TestRiskMethods::test_risk_has_recover_method[APIKeyExposureRisk] PASSED [ 26%]
tests/armp/test_all_risks_comprehensive.py::TestRiskMethods::test_risk_has_recover_method[ConstitutionViolationRisk] PASSED [ 26%]
tests/armp/test_all_risks_comprehensive.py::TestRiskMethods::test_risk_has_recover_method[DataLossEventRisk] PASSED [ 26%]
tests/armp/test_all_risks_comprehensive.py::TestRiskMethods::test_risk_has_recover_method[WebhookFailureRisk] PASSED [ 26%]
tests/armp/test_all_risks_comprehensive.py::TestRiskInstantiation::test_risk_can_be_instantiated[CodeInjectionRisk] PASSED [ 26%]
tests/armp/test_all_risks_comprehensive.py::TestRiskInstantiation::test_risk_can_be_instantiated[DatabaseCorruptionRisk] PASSED [ 27%]
tests/armp/test_all_risks_comprehensive.py::TestRiskInstantiation::test_risk_can_be_instantiated[PIIStorageRisk] PASSED [ 27%]
tests/armp/test_all_risks_comprehensive.py::TestRiskInstantiation::test_risk_can_be_instantiated[PerformanceBudgetRisk] PASSED [ 27%]
tests/armp/test_all_risks_comprehensive.py::TestRiskInstantiation::test_risk_can_be_instantiated[RateLimitRisk] PASSED [ 27%]
tests/armp/test_all_risks_comprehensive.py::TestRiskInstantiation::test_risk_can_be_instantiated[CredentialExposureRisk] PASSED [ 27%]
tests/armp/test_all_risks_comprehensive.py::TestRiskInstantiation::test_risk_can_be_instantiated[MaliciousPackageRisk] PASSED [ 27%]
tests/armp/test_all_risks_comprehensive.py::TestRiskInstantiation::test_risk_can_be_instantiated[SQLInjectionRisk] PASSED [ 27%]
tests/armp/test_all_risks_comprehensive.py::TestRiskInstantiation::test_risk_can_be_instantiated[NetworkConnectivityRisk] PASSED [ 27%]
tests/armp/test_all_risks_comprehensive.py::TestRiskInstantiation::test_risk_can_be_instantiated[PathTraversalRisk] PASSED [ 27%]
tests/armp/test_all_risks_comprehensive.py::TestRiskInstantiation::test_risk_can_be_instantiated[SSLCertificateRisk] PASSED [ 28%]
tests/armp/test_all_risks_comprehensive.py::TestRiskInstantiation::test_risk_can_be_instantiated[UnauthorizedFileAccessRisk] PASSED [ 28%]
tests/armp/test_all_risks_comprehensive.py::TestRiskInstantiation::test_risk_can_be_instantiated[BackupFailureRisk] PASSED [ 28%]
tests/armp/test_all_risks_comprehensive.py::TestRiskInstantiation::test_risk_can_be_instantiated[DataMigrationRisk] PASSED [ 28%]
tests/armp/test_all_risks_comprehensive.py::TestRiskInstantiation::test_risk_can_be_instantiated[TransactionRollbackRisk] PASSED [ 28%]
tests/armp/test_all_risks_comprehensive.py::TestRiskInstantiation::test_risk_can_be_instantiated[DiskSpaceRisk] PASSED [ 28%]
tests/armp/test_all_risks_comprehensive.py::TestRiskInstantiation::test_risk_can_be_instantiated[MemoryLeakRisk] PASSED [ 28%]
tests/armp/test_all_risks_comprehensive.py::TestRiskInstantiation::test_risk_can_be_instantiated[APIResponseTimeoutRisk] PASSED [ 28%]
tests/armp/test_all_risks_comprehensive.py::TestRiskInstantiation::test_risk_can_be_instantiated[APIVersionMismatchRisk] PASSED [ 28%]
tests/armp/test_all_risks_comprehensive.py::TestRiskInstantiation::test_risk_can_be_instantiated[ExternalServiceFailureRisk] PASSED [ 29%]
tests/armp/test_all_risks_comprehensive.py::TestRiskInstantiation::test_risk_can_be_instantiated[SchemaVersionMismatchRisk] PASSED [ 29%]
tests/armp/test_all_risks_comprehensive.py::TestRiskInstantiation::test_risk_can_be_instantiated[CPUThresholdRisk] PASSED [ 29%]
tests/armp/test_all_risks_comprehensive.py::TestRiskInstantiation::test_risk_can_be_instantiated[ResponseTimeDegradationRisk] PASSED [ 29%]
tests/armp/test_all_risks_comprehensive.py::TestRiskInstantiation::test_risk_can_be_instantiated[InvalidProtocolMessageRisk] PASSED [ 29%]
tests/armp/test_all_risks_comprehensive.py::TestRiskInstantiation::test_risk_can_be_instantiated[ProtocolStateCorruptionRisk] PASSED [ 29%]
tests/armp/test_all_risks_comprehensive.py::TestRiskInstantiation::test_risk_can_be_instantiated[ProtocolVersionIncompatibleRisk] PASSED [ 29%]
tests/armp/test_all_risks_comprehensive.py::TestRiskInstantiation::test_risk_can_be_instantiated[APIKeyExposureRisk] PASSED [ 29%]
tests/armp/test_all_risks_comprehensive.py::TestRiskInstantiation::test_risk_can_be_instantiated[ConstitutionViolationRisk] PASSED [ 29%]
tests/armp/test_all_risks_comprehensive.py::TestRiskInstantiation::test_risk_can_be_instantiated[DataLossEventRisk] PASSED [ 30%]
tests/armp/test_all_risks_comprehensive.py::TestRiskInstantiation::test_risk_can_be_instantiated[WebhookFailureRisk] PASSED [ 30%]
tests/armp/test_all_risks_comprehensive.py::TestRiskInstantiation::test_risk_instance_has_attributes[CodeInjectionRisk] PASSED [ 30%]
tests/armp/test_all_risks_comprehensive.py::TestRiskInstantiation::test_risk_instance_has_attributes[DatabaseCorruptionRisk] PASSED [ 30%]
tests/armp/test_all_risks_comprehensive.py::TestRiskInstantiation::test_risk_instance_has_attributes[PIIStorageRisk] PASSED [ 30%]
tests/armp/test_all_risks_comprehensive.py::TestRiskInstantiation::test_risk_instance_has_attributes[PerformanceBudgetRisk] PASSED [ 30%]
tests/armp/test_all_risks_comprehensive.py::TestRiskInstantiation::test_risk_instance_has_attributes[RateLimitRisk] PASSED [ 30%]
tests/armp/test_all_risks_comprehensive.py::TestRiskInstantiation::test_risk_instance_has_attributes[CredentialExposureRisk] PASSED [ 30%]
tests/armp/test_all_risks_comprehensive.py::TestRiskInstantiation::test_risk_instance_has_attributes[MaliciousPackageRisk] PASSED [ 30%]
tests/armp/test_all_risks_comprehensive.py::TestRiskInstantiation::test_risk_instance_has_attributes[SQLInjectionRisk] PASSED [ 31%]
tests/armp/test_all_risks_comprehensive.py::TestRiskInstantiation::test_risk_instance_has_attributes[NetworkConnectivityRisk] PASSED [ 31%]
tests/armp/test_all_risks_comprehensive.py::TestRiskInstantiation::test_risk_instance_has_attributes[PathTraversalRisk] PASSED [ 31%]
tests/armp/test_all_risks_comprehensive.py::TestRiskInstantiation::test_risk_instance_has_attributes[SSLCertificateRisk] PASSED [ 31%]
tests/armp/test_all_risks_comprehensive.py::TestRiskInstantiation::test_risk_instance_has_attributes[UnauthorizedFileAccessRisk] PASSED [ 31%]
tests/armp/test_all_risks_comprehensive.py::TestRiskInstantiation::test_risk_instance_has_attributes[BackupFailureRisk] PASSED [ 31%]
tests/armp/test_all_risks_comprehensive.py::TestRiskInstantiation::test_risk_instance_has_attributes[DataMigrationRisk] PASSED [ 31%]
tests/armp/test_all_risks_comprehensive.py::TestRiskInstantiation::test_risk_instance_has_attributes[TransactionRollbackRisk] PASSED [ 31%]
tests/armp/test_all_risks_comprehensive.py::TestRiskInstantiation::test_risk_instance_has_attributes[DiskSpaceRisk] PASSED [ 31%]
tests/armp/test_all_risks_comprehensive.py::TestRiskInstantiation::test_risk_instance_has_attributes[MemoryLeakRisk] PASSED [ 32%]
tests/armp/test_all_risks_comprehensive.py::TestRiskInstantiation::test_risk_instance_has_attributes[APIResponseTimeoutRisk] PASSED [ 32%]
tests/armp/test_all_risks_comprehensive.py::TestRiskInstantiation::test_risk_instance_has_attributes[APIVersionMismatchRisk] PASSED [ 32%]
tests/armp/test_all_risks_comprehensive.py::TestRiskInstantiation::test_risk_instance_has_attributes[ExternalServiceFailureRisk] PASSED [ 32%]
tests/armp/test_all_risks_comprehensive.py::TestRiskInstantiation::test_risk_instance_has_attributes[SchemaVersionMismatchRisk] PASSED [ 32%]
tests/armp/test_all_risks_comprehensive.py::TestRiskInstantiation::test_risk_instance_has_attributes[CPUThresholdRisk] PASSED [ 32%]
tests/armp/test_all_risks_comprehensive.py::TestRiskInstantiation::test_risk_instance_has_attributes[ResponseTimeDegradationRisk] PASSED [ 32%]
tests/armp/test_all_risks_comprehensive.py::TestRiskInstantiation::test_risk_instance_has_attributes[InvalidProtocolMessageRisk] PASSED [ 32%]
tests/armp/test_all_risks_comprehensive.py::TestRiskInstantiation::test_risk_instance_has_attributes[ProtocolStateCorruptionRisk] PASSED [ 32%]
tests/armp/test_all_risks_comprehensive.py::TestRiskInstantiation::test_risk_instance_has_attributes[ProtocolVersionIncompatibleRisk] PASSED [ 33%]
tests/armp/test_all_risks_comprehensive.py::TestRiskInstantiation::test_risk_instance_has_attributes[APIKeyExposureRisk] PASSED [ 33%]
tests/armp/test_all_risks_comprehensive.py::TestRiskInstantiation::test_risk_instance_has_attributes[ConstitutionViolationRisk] PASSED [ 33%]
tests/armp/test_all_risks_comprehensive.py::TestRiskInstantiation::test_risk_instance_has_attributes[DataLossEventRisk] PASSED [ 33%]
tests/armp/test_all_risks_comprehensive.py::TestRiskInstantiation::test_risk_instance_has_attributes[WebhookFailureRisk] PASSED [ 33%]
tests/armp/test_all_risks_comprehensive.py::TestRiskInstantiation::test_risk_attributes_are_not_none[CodeInjectionRisk] PASSED [ 33%]
tests/armp/test_all_risks_comprehensive.py::TestRiskInstantiation::test_risk_attributes_are_not_none[DatabaseCorruptionRisk] PASSED [ 33%]
tests/armp/test_all_risks_comprehensive.py::TestRiskInstantiation::test_risk_attributes_are_not_none[PIIStorageRisk] PASSED [ 33%]
tests/armp/test_all_risks_comprehensive.py::TestRiskInstantiation::test_risk_attributes_are_not_none[PerformanceBudgetRisk] PASSED [ 33%]
tests/armp/test_all_risks_comprehensive.py::TestRiskInstantiation::test_risk_attributes_are_not_none[RateLimitRisk] PASSED [ 34%]
tests/armp/test_all_risks_comprehensive.py::TestRiskInstantiation::test_risk_attributes_are_not_none[CredentialExposureRisk] PASSED [ 34%]
tests/armp/test_all_risks_comprehensive.py::TestRiskInstantiation::test_risk_attributes_are_not_none[MaliciousPackageRisk] PASSED [ 34%]
tests/armp/test_all_risks_comprehensive.py::TestRiskInstantiation::test_risk_attributes_are_not_none[SQLInjectionRisk] PASSED [ 34%]
tests/armp/test_all_risks_comprehensive.py::TestRiskInstantiation::test_risk_attributes_are_not_none[NetworkConnectivityRisk] PASSED [ 34%]
tests/armp/test_all_risks_comprehensive.py::TestRiskInstantiation::test_risk_attributes_are_not_none[PathTraversalRisk] PASSED [ 34%]
tests/armp/test_all_risks_comprehensive.py::TestRiskInstantiation::test_risk_attributes_are_not_none[SSLCertificateRisk] PASSED [ 34%]
tests/armp/test_all_risks_comprehensive.py::TestRiskInstantiation::test_risk_attributes_are_not_none[UnauthorizedFileAccessRisk] PASSED [ 34%]
tests/armp/test_all_risks_comprehensive.py::TestRiskInstantiation::test_risk_attributes_are_not_none[BackupFailureRisk] PASSED [ 34%]
tests/armp/test_all_risks_comprehensive.py::TestRiskInstantiation::test_risk_attributes_are_not_none[DataMigrationRisk] PASSED [ 35%]
tests/armp/test_all_risks_comprehensive.py::TestRiskInstantiation::test_risk_attributes_are_not_none[TransactionRollbackRisk] PASSED [ 35%]
tests/armp/test_all_risks_comprehensive.py::TestRiskInstantiation::test_risk_attributes_are_not_none[DiskSpaceRisk] PASSED [ 35%]
tests/armp/test_all_risks_comprehensive.py::TestRiskInstantiation::test_risk_attributes_are_not_none[MemoryLeakRisk] PASSED [ 35%]
tests/armp/test_all_risks_comprehensive.py::TestRiskInstantiation::test_risk_attributes_are_not_none[APIResponseTimeoutRisk] PASSED [ 35%]
tests/armp/test_all_risks_comprehensive.py::TestRiskInstantiation::test_risk_attributes_are_not_none[APIVersionMismatchRisk] PASSED [ 35%]
tests/armp/test_all_risks_comprehensive.py::TestRiskInstantiation::test_risk_attributes_are_not_none[ExternalServiceFailureRisk] PASSED [ 35%]
tests/armp/test_all_risks_comprehensive.py::TestRiskInstantiation::test_risk_attributes_are_not_none[SchemaVersionMismatchRisk] PASSED [ 35%]
tests/armp/test_all_risks_comprehensive.py::TestRiskInstantiation::test_risk_attributes_are_not_none[CPUThresholdRisk] PASSED [ 35%]
tests/armp/test_all_risks_comprehensive.py::TestRiskInstantiation::test_risk_attributes_are_not_none[ResponseTimeDegradationRisk] PASSED [ 36%]
tests/armp/test_all_risks_comprehensive.py::TestRiskInstantiation::test_risk_attributes_are_not_none[InvalidProtocolMessageRisk] PASSED [ 36%]
tests/armp/test_all_risks_comprehensive.py::TestRiskInstantiation::test_risk_attributes_are_not_none[ProtocolStateCorruptionRisk] PASSED [ 36%]
tests/armp/test_all_risks_comprehensive.py::TestRiskInstantiation::test_risk_attributes_are_not_none[ProtocolVersionIncompatibleRisk] PASSED [ 36%]
tests/armp/test_all_risks_comprehensive.py::TestRiskInstantiation::test_risk_attributes_are_not_none[APIKeyExposureRisk] PASSED [ 36%]
tests/armp/test_all_risks_comprehensive.py::TestRiskInstantiation::test_risk_attributes_are_not_none[ConstitutionViolationRisk] PASSED [ 36%]
tests/armp/test_all_risks_comprehensive.py::TestRiskInstantiation::test_risk_attributes_are_not_none[DataLossEventRisk] PASSED [ 36%]
tests/armp/test_all_risks_comprehensive.py::TestRiskInstantiation::test_risk_attributes_are_not_none[WebhookFailureRisk] PASSED [ 36%]
tests/armp/test_all_risks_comprehensive.py::TestRiskExecution::test_prevent_executes_without_error[CodeInjectionRisk] PASSED [ 36%]
tests/armp/test_all_risks_comprehensive.py::TestRiskExecution::test_prevent_executes_without_error[DatabaseCorruptionRisk] PASSED [ 37%]
tests/armp/test_all_risks_comprehensive.py::TestRiskExecution::test_prevent_executes_without_error[PIIStorageRisk] PASSED [ 37%]
tests/armp/test_all_risks_comprehensive.py::TestRiskExecution::test_prevent_executes_without_error[PerformanceBudgetRisk] PASSED [ 37%]
tests/armp/test_all_risks_comprehensive.py::TestRiskExecution::test_prevent_executes_without_error[RateLimitRisk] PASSED [ 37%]
tests/armp/test_all_risks_comprehensive.py::TestRiskExecution::test_prevent_executes_without_error[CredentialExposureRisk] PASSED [ 37%]
tests/armp/test_all_risks_comprehensive.py::TestRiskExecution::test_prevent_executes_without_error[MaliciousPackageRisk] PASSED [ 37%]
tests/armp/test_all_risks_comprehensive.py::TestRiskExecution::test_prevent_executes_without_error[SQLInjectionRisk] PASSED [ 37%]
tests/armp/test_all_risks_comprehensive.py::TestRiskExecution::test_prevent_executes_without_error[NetworkConnectivityRisk] PASSED [ 37%]
tests/armp/test_all_risks_comprehensive.py::TestRiskExecution::test_prevent_executes_without_error[PathTraversalRisk] PASSED [ 37%]
tests/armp/test_all_risks_comprehensive.py::TestRiskExecution::test_prevent_executes_without_error[SSLCertificateRisk] PASSED [ 38%]
tests/armp/test_all_risks_comprehensive.py::TestRiskExecution::test_prevent_executes_without_error[UnauthorizedFileAccessRisk] PASSED [ 38%]
tests/armp/test_all_risks_comprehensive.py::TestRiskExecution::test_prevent_executes_without_error[BackupFailureRisk] PASSED [ 38%]
tests/armp/test_all_risks_comprehensive.py::TestRiskExecution::test_prevent_executes_without_error[DataMigrationRisk] PASSED [ 38%]
tests/armp/test_all_risks_comprehensive.py::TestRiskExecution::test_prevent_executes_without_error[TransactionRollbackRisk] PASSED [ 38%]
tests/armp/test_all_risks_comprehensive.py::TestRiskExecution::test_prevent_executes_without_error[DiskSpaceRisk] PASSED [ 38%]
tests/armp/test_all_risks_comprehensive.py::TestRiskExecution::test_prevent_executes_without_error[MemoryLeakRisk] PASSED [ 38%]
tests/armp/test_all_risks_comprehensive.py::TestRiskExecution::test_prevent_executes_without_error[APIResponseTimeoutRisk] PASSED [ 38%]
tests/armp/test_all_risks_comprehensive.py::TestRiskExecution::test_prevent_executes_without_error[APIVersionMismatchRisk] PASSED [ 38%]
tests/armp/test_all_risks_comprehensive.py::TestRiskExecution::test_prevent_executes_without_error[ExternalServiceFailureRisk] PASSED [ 39%]
tests/armp/test_all_risks_comprehensive.py::TestRiskExecution::test_prevent_executes_without_error[SchemaVersionMismatchRisk] PASSED [ 39%]
tests/armp/test_all_risks_comprehensive.py::TestRiskExecution::test_prevent_executes_without_error[CPUThresholdRisk] PASSED [ 39%]
tests/armp/test_all_risks_comprehensive.py::TestRiskExecution::test_prevent_executes_without_error[ResponseTimeDegradationRisk] PASSED [ 39%]
tests/armp/test_all_risks_comprehensive.py::TestRiskExecution::test_prevent_executes_without_error[InvalidProtocolMessageRisk] PASSED [ 39%]
tests/armp/test_all_risks_comprehensive.py::TestRiskExecution::test_prevent_executes_without_error[ProtocolStateCorruptionRisk] PASSED [ 39%]
tests/armp/test_all_risks_comprehensive.py::TestRiskExecution::test_prevent_executes_without_error[ProtocolVersionIncompatibleRisk] PASSED [ 39%]
tests/armp/test_all_risks_comprehensive.py::TestRiskExecution::test_prevent_executes_without_error[APIKeyExposureRisk] PASSED [ 39%]
tests/armp/test_all_risks_comprehensive.py::TestRiskExecution::test_prevent_executes_without_error[ConstitutionViolationRisk] PASSED [ 39%]
tests/armp/test_all_risks_comprehensive.py::TestRiskExecution::test_prevent_executes_without_error[DataLossEventRisk] PASSED [ 40%]
tests/armp/test_all_risks_comprehensive.py::TestRiskExecution::test_prevent_executes_without_error[WebhookFailureRisk] PASSED [ 40%]
tests/armp/test_all_risks_comprehensive.py::TestRiskExecution::test_detect_returns_boolean[CodeInjectionRisk] PASSED [ 40%]
tests/armp/test_all_risks_comprehensive.py::TestRiskExecution::test_detect_returns_boolean[DatabaseCorruptionRisk] PASSED [ 40%]
tests/armp/test_all_risks_comprehensive.py::TestRiskExecution::test_detect_returns_boolean[PIIStorageRisk] PASSED [ 40%]
tests/armp/test_all_risks_comprehensive.py::TestRiskExecution::test_detect_returns_boolean[PerformanceBudgetRisk] PASSED [ 40%]
tests/armp/test_all_risks_comprehensive.py::TestRiskExecution::test_detect_returns_boolean[RateLimitRisk] PASSED [ 40%]
tests/armp/test_all_risks_comprehensive.py::TestRiskExecution::test_detect_returns_boolean[CredentialExposureRisk] PASSED [ 40%]
tests/armp/test_all_risks_comprehensive.py::TestRiskExecution::test_detect_returns_boolean[MaliciousPackageRisk] PASSED [ 40%]
tests/armp/test_all_risks_comprehensive.py::TestRiskExecution::test_detect_returns_boolean[SQLInjectionRisk] PASSED [ 41%]
tests/armp/test_all_risks_comprehensive.py::TestRiskExecution::test_detect_returns_boolean[NetworkConnectivityRisk] PASSED [ 41%]
tests/armp/test_all_risks_comprehensive.py::TestRiskExecution::test_detect_returns_boolean[PathTraversalRisk] PASSED [ 41%]
tests/armp/test_all_risks_comprehensive.py::TestRiskExecution::test_detect_returns_boolean[SSLCertificateRisk] PASSED [ 41%]
tests/armp/test_all_risks_comprehensive.py::TestRiskExecution::test_detect_returns_boolean[UnauthorizedFileAccessRisk] PASSED [ 41%]
tests/armp/test_all_risks_comprehensive.py::TestRiskExecution::test_detect_returns_boolean[BackupFailureRisk] PASSED [ 41%]
tests/armp/test_all_risks_comprehensive.py::TestRiskExecution::test_detect_returns_boolean[DataMigrationRisk] PASSED [ 41%]
tests/armp/test_all_risks_comprehensive.py::TestRiskExecution::test_detect_returns_boolean[TransactionRollbackRisk] PASSED [ 41%]
tests/armp/test_all_risks_comprehensive.py::TestRiskExecution::test_detect_returns_boolean[DiskSpaceRisk] PASSED [ 41%]
tests/armp/test_all_risks_comprehensive.py::TestRiskExecution::test_detect_returns_boolean[MemoryLeakRisk] PASSED [ 42%]
tests/armp/test_all_risks_comprehensive.py::TestRiskExecution::test_detect_returns_boolean[APIResponseTimeoutRisk] PASSED [ 42%]
tests/armp/test_all_risks_comprehensive.py::TestRiskExecution::test_detect_returns_boolean[APIVersionMismatchRisk] PASSED [ 42%]
tests/armp/test_all_risks_comprehensive.py::TestRiskExecution::test_detect_returns_boolean[ExternalServiceFailureRisk] PASSED [ 42%]
tests/armp/test_all_risks_comprehensive.py::TestRiskExecution::test_detect_returns_boolean[SchemaVersionMismatchRisk] PASSED [ 42%]
tests/armp/test_all_risks_comprehensive.py::TestRiskExecution::test_detect_returns_boolean[CPUThresholdRisk] PASSED [ 42%]
tests/armp/test_all_risks_comprehensive.py::TestRiskExecution::test_detect_returns_boolean[ResponseTimeDegradationRisk] PASSED [ 42%]
tests/armp/test_all_risks_comprehensive.py::TestRiskExecution::test_detect_returns_boolean[InvalidProtocolMessageRisk] PASSED [ 42%]
tests/armp/test_all_risks_comprehensive.py::TestRiskExecution::test_detect_returns_boolean[ProtocolStateCorruptionRisk] PASSED [ 42%]
tests/armp/test_all_risks_comprehensive.py::TestRiskExecution::test_detect_returns_boolean[ProtocolVersionIncompatibleRisk] PASSED [ 43%]
tests/armp/test_all_risks_comprehensive.py::TestRiskExecution::test_detect_returns_boolean[APIKeyExposureRisk] PASSED [ 43%]
tests/armp/test_all_risks_comprehensive.py::TestRiskExecution::test_detect_returns_boolean[ConstitutionViolationRisk] PASSED [ 43%]
tests/armp/test_all_risks_comprehensive.py::TestRiskExecution::test_detect_returns_boolean[DataLossEventRisk] PASSED [ 43%]
tests/armp/test_all_risks_comprehensive.py::TestRiskExecution::test_detect_returns_boolean[WebhookFailureRisk] PASSED [ 43%]
tests/armp/test_all_risks_comprehensive.py::TestRiskExecution::test_respond_executes_without_error[CodeInjectionRisk] PASSED [ 43%]
tests/armp/test_all_risks_comprehensive.py::TestRiskExecution::test_respond_executes_without_error[DatabaseCorruptionRisk] PASSED [ 43%]
tests/armp/test_all_risks_comprehensive.py::TestRiskExecution::test_respond_executes_without_error[PIIStorageRisk] PASSED [ 43%]
tests/armp/test_all_risks_comprehensive.py::TestRiskExecution::test_respond_executes_without_error[PerformanceBudgetRisk] PASSED [ 43%]
tests/armp/test_all_risks_comprehensive.py::TestRiskExecution::test_respond_executes_without_error[RateLimitRisk] PASSED [ 44%]
tests/armp/test_all_risks_comprehensive.py::TestRiskExecution::test_respond_executes_without_error[CredentialExposureRisk] PASSED [ 44%]
tests/armp/test_all_risks_comprehensive.py::TestRiskExecution::test_respond_executes_without_error[MaliciousPackageRisk] PASSED [ 44%]
tests/armp/test_all_risks_comprehensive.py::TestRiskExecution::test_respond_executes_without_error[SQLInjectionRisk] PASSED [ 44%]
tests/armp/test_all_risks_comprehensive.py::TestRiskExecution::test_respond_executes_without_error[NetworkConnectivityRisk] PASSED [ 44%]
tests/armp/test_all_risks_comprehensive.py::TestRiskExecution::test_respond_executes_without_error[PathTraversalRisk] PASSED [ 44%]
tests/armp/test_all_risks_comprehensive.py::TestRiskExecution::test_respond_executes_without_error[SSLCertificateRisk] PASSED [ 44%]
tests/armp/test_all_risks_comprehensive.py::TestRiskExecution::test_respond_executes_without_error[UnauthorizedFileAccessRisk] PASSED [ 44%]
tests/armp/test_all_risks_comprehensive.py::TestRiskExecution::test_respond_executes_without_error[BackupFailureRisk] PASSED [ 44%]
tests/armp/test_all_risks_comprehensive.py::TestRiskExecution::test_respond_executes_without_error[DataMigrationRisk] PASSED [ 45%]
tests/armp/test_all_risks_comprehensive.py::TestRiskExecution::test_respond_executes_without_error[TransactionRollbackRisk] PASSED [ 45%]
tests/armp/test_all_risks_comprehensive.py::TestRiskExecution::test_respond_executes_without_error[DiskSpaceRisk] PASSED [ 45%]
tests/armp/test_all_risks_comprehensive.py::TestRiskExecution::test_respond_executes_without_error[MemoryLeakRisk] PASSED [ 45%]
tests/armp/test_all_risks_comprehensive.py::TestRiskExecution::test_respond_executes_without_error[APIResponseTimeoutRisk] PASSED [ 45%]
tests/armp/test_all_risks_comprehensive.py::TestRiskExecution::test_respond_executes_without_error[APIVersionMismatchRisk] PASSED [ 45%]
tests/armp/test_all_risks_comprehensive.py::TestRiskExecution::test_respond_executes_without_error[ExternalServiceFailureRisk] PASSED [ 45%]
tests/armp/test_all_risks_comprehensive.py::TestRiskExecution::test_respond_executes_without_error[SchemaVersionMismatchRisk] PASSED [ 45%]
tests/armp/test_all_risks_comprehensive.py::TestRiskExecution::test_respond_executes_without_error[CPUThresholdRisk] PASSED [ 45%]
tests/armp/test_all_risks_comprehensive.py::TestRiskExecution::test_respond_executes_without_error[ResponseTimeDegradationRisk] PASSED [ 46%]
tests/armp/test_all_risks_comprehensive.py::TestRiskExecution::test_respond_executes_without_error[InvalidProtocolMessageRisk] PASSED [ 46%]
tests/armp/test_all_risks_comprehensive.py::TestRiskExecution::test_respond_executes_without_error[ProtocolStateCorruptionRisk] PASSED [ 46%]
tests/armp/test_all_risks_comprehensive.py::TestRiskExecution::test_respond_executes_without_error[ProtocolVersionIncompatibleRisk] PASSED [ 46%]
tests/armp/test_all_risks_comprehensive.py::TestRiskExecution::test_respond_executes_without_error[APIKeyExposureRisk] PASSED [ 46%]
tests/armp/test_all_risks_comprehensive.py::TestRiskExecution::test_respond_executes_without_error[ConstitutionViolationRisk] PASSED [ 46%]
tests/armp/test_all_risks_comprehensive.py::TestRiskExecution::test_respond_executes_without_error[DataLossEventRisk] PASSED [ 46%]
tests/armp/test_all_risks_comprehensive.py::TestRiskExecution::test_respond_executes_without_error[WebhookFailureRisk] PASSED [ 46%]
tests/armp/test_all_risks_comprehensive.py::TestRiskExecution::test_recover_executes_without_error[CodeInjectionRisk] PASSED [ 46%]
tests/armp/test_all_risks_comprehensive.py::TestRiskExecution::test_recover_executes_without_error[DatabaseCorruptionRisk] PASSED [ 47%]
tests/armp/test_all_risks_comprehensive.py::TestRiskExecution::test_recover_executes_without_error[PIIStorageRisk] PASSED [ 47%]
tests/armp/test_all_risks_comprehensive.py::TestRiskExecution::test_recover_executes_without_error[PerformanceBudgetRisk] PASSED [ 47%]
tests/armp/test_all_risks_comprehensive.py::TestRiskExecution::test_recover_executes_without_error[RateLimitRisk] PASSED [ 47%]
tests/armp/test_all_risks_comprehensive.py::TestRiskExecution::test_recover_executes_without_error[CredentialExposureRisk] PASSED [ 47%]
tests/armp/test_all_risks_comprehensive.py::TestRiskExecution::test_recover_executes_without_error[MaliciousPackageRisk] PASSED [ 47%]
tests/armp/test_all_risks_comprehensive.py::TestRiskExecution::test_recover_executes_without_error[SQLInjectionRisk] PASSED [ 47%]
tests/armp/test_all_risks_comprehensive.py::TestRiskExecution::test_recover_executes_without_error[NetworkConnectivityRisk] PASSED [ 47%]
tests/armp/test_all_risks_comprehensive.py::TestRiskExecution::test_recover_executes_without_error[PathTraversalRisk] PASSED [ 47%]
tests/armp/test_all_risks_comprehensive.py::TestRiskExecution::test_recover_executes_without_error[SSLCertificateRisk] PASSED [ 48%]
tests/armp/test_all_risks_comprehensive.py::TestRiskExecution::test_recover_executes_without_error[UnauthorizedFileAccessRisk] PASSED [ 48%]
tests/armp/test_all_risks_comprehensive.py::TestRiskExecution::test_recover_executes_without_error[BackupFailureRisk] PASSED [ 48%]
tests/armp/test_all_risks_comprehensive.py::TestRiskExecution::test_recover_executes_without_error[DataMigrationRisk] PASSED [ 48%]
tests/armp/test_all_risks_comprehensive.py::TestRiskExecution::test_recover_executes_without_error[TransactionRollbackRisk] PASSED [ 48%]
tests/armp/test_all_risks_comprehensive.py::TestRiskExecution::test_recover_executes_without_error[DiskSpaceRisk] PASSED [ 48%]
tests/armp/test_all_risks_comprehensive.py::TestRiskExecution::test_recover_executes_without_error[MemoryLeakRisk] PASSED [ 48%]
tests/armp/test_all_risks_comprehensive.py::TestRiskExecution::test_recover_executes_without_error[APIResponseTimeoutRisk] PASSED [ 48%]
tests/armp/test_all_risks_comprehensive.py::TestRiskExecution::test_recover_executes_without_error[APIVersionMismatchRisk] PASSED [ 48%]
tests/armp/test_all_risks_comprehensive.py::TestRiskExecution::test_recover_executes_without_error[ExternalServiceFailureRisk] PASSED [ 49%]
tests/armp/test_all_risks_comprehensive.py::TestRiskExecution::test_recover_executes_without_error[SchemaVersionMismatchRisk] PASSED [ 49%]
tests/armp/test_all_risks_comprehensive.py::TestRiskExecution::test_recover_executes_without_error[CPUThresholdRisk] PASSED [ 49%]
tests/armp/test_all_risks_comprehensive.py::TestRiskExecution::test_recover_executes_without_error[ResponseTimeDegradationRisk] PASSED [ 49%]
tests/armp/test_all_risks_comprehensive.py::TestRiskExecution::test_recover_executes_without_error[InvalidProtocolMessageRisk] PASSED [ 49%]
tests/armp/test_all_risks_comprehensive.py::TestRiskExecution::test_recover_executes_without_error[ProtocolStateCorruptionRisk] PASSED [ 49%]
tests/armp/test_all_risks_comprehensive.py::TestRiskExecution::test_recover_executes_without_error[ProtocolVersionIncompatibleRisk] PASSED [ 49%]
tests/armp/test_all_risks_comprehensive.py::TestRiskExecution::test_recover_executes_without_error[APIKeyExposureRisk] PASSED [ 49%]
tests/armp/test_all_risks_comprehensive.py::TestRiskExecution::test_recover_executes_without_error[ConstitutionViolationRisk] PASSED [ 50%]
tests/armp/test_all_risks_comprehensive.py::TestRiskExecution::test_recover_executes_without_error[DataLossEventRisk] PASSED [ 50%]
tests/armp/test_all_risks_comprehensive.py::TestRiskExecution::test_recover_executes_without_error[WebhookFailureRisk] PASSED [ 50%]
tests/armp/test_all_risks_comprehensive.py::TestEnforcerIntegration::test_all_risks_registered_in_enforcer SKIPPED [ 50%]
tests/armp/test_all_risks_comprehensive.py::TestEnforcerIntegration::test_enforcer_can_prevent_all PASSED [ 50%]
tests/armp/test_all_risks_comprehensive.py::TestEnforcerIntegration::test_enforcer_can_detect_all PASSED [ 50%]
tests/armp/test_all_risks_comprehensive.py::TestSpecificRisks::test_pii_storage_risk_detection PASSED [ 50%]
tests/armp/test_all_risks_comprehensive.py::TestSpecificRisks::test_code_injection_detection PASSED [ 50%]
tests/armp/test_all_risks_comprehensive.py::TestSpecificRisks::test_sql_injection_detection PASSED [ 50%]
tests/armp/test_all_risks_comprehensive.py::TestSpecificRisks::test_api_rate_limit_detection PASSED [ 51%]
tests/armp/test_all_risks_comprehensive.py::TestSpecificRisks::test_database_corruption_detection PASSED [ 51%]
tests/armp/test_all_risks_comprehensive.py::TestSpecificRisks::test_performance_budget_detection PASSED [ 51%]
tests/armp/test_all_risks_comprehensive.py::TestSpecificRisks::test_memory_leak_detection PASSED [ 51%]
tests/armp/test_all_risks_comprehensive.py::TestARMPIntegration::test_risk_count_matches_expectation PASSED [ 51%]
tests/armp/test_all_risks_comprehensive.py::TestARMPIntegration::test_all_categories_represented PASSED [ 51%]
tests/armp/test_all_risks_comprehensive.py::TestARMPIntegration::test_all_severities_represented PASSED [ 51%]
tests/armp/test_enforcement.py::test_enforcer_initialization PASSED      [ 51%]
tests/armp/test_enforcement.py::test_risk_registration PASSED            [ 51%]
tests/armp/test_enforcement.py::test_pii_prevention PASSED               [ 52%]
tests/armp/test_enforcement.py::test_code_injection_detection FAILED     [ 52%]
tests/armp/test_enforcement.py::test_monitor_start_stop PASSED           [ 52%]
tests/armp/test_enforcement.py::test_performance_budget PASSED           [ 52%]
tests/armp/test_enforcement.py::test_enforcer_status PASSED              [ 52%]
tests/armp/test_enforcer_advanced.py::TestEnforcerRiskRegistration::test_all_30_risks_registered FAILED [ 52%]
tests/armp/test_enforcer_advanced.py::TestEnforcerRiskRegistration::test_risk_registration_order FAILED [ 52%]
tests/armp/test_enforcer_advanced.py::TestEnforcerRiskRegistration::test_risk_uniqueness FAILED [ 52%]
tests/armp/test_enforcer_advanced.py::TestEnforcerPreventAll::test_prevent_all_executes_all_risks PASSED [ 52%]
tests/armp/test_enforcer_advanced.py::TestEnforcerPreventAll::test_prevent_all_handles_errors PASSED [ 53%]
tests/armp/test_enforcer_advanced.py::TestEnforcerDetectViolations::test_detect_violations_returns_list PASSED [ 53%]
tests/armp/test_enforcer_advanced.py::TestEnforcerDetectViolations::test_detect_violations_with_mock_violations PASSED [ 53%]
tests/armp/test_enforcer_advanced.py::TestEnforcerDetectViolations::test_detect_violations_handles_errors PASSED [ 53%]
tests/armp/test_enforcer_advanced.py::TestEnforcerConcurrentDetection::test_concurrent_detection PASSED [ 53%]
tests/armp/test_enforcer_advanced.py::TestEnforcerConcurrentDetection::test_concurrent_prevention PASSED [ 53%]
tests/armp/test_enforcer_advanced.py::TestEnforcerIncidentLogging::test_incident_logging PASSED [ 53%]
tests/armp/test_enforcer_advanced.py::TestEnforcerIncidentLogging::test_incident_structure PASSED [ 53%]
tests/armp/test_enforcer_advanced.py::TestEnforcerErrorHandling::test_handles_failed_prevention PASSED [ 53%]
tests/armp/test_enforcer_advanced.py::TestEnforcerErrorHandling::test_handles_failed_detection PASSED [ 54%]
tests/armp/test_enforcer_advanced.py::TestEnforcerErrorHandling::test_handles_failed_response PASSED [ 54%]
tests/armp/test_monitor_advanced.py::TestMonitorLifecycle::test_monitor_start_stop PASSED [ 54%]
tests/armp/test_monitor_advanced.py::TestMonitorLifecycle::test_monitor_restart PASSED [ 54%]
tests/armp/test_monitor_advanced.py::TestMonitorLifecycle::test_monitor_multiple_starts PASSED [ 54%]
tests/armp/test_monitor_advanced.py::TestMonitorLoop::test_monitoring_loop_runs PASSED [ 54%]
tests/armp/test_monitor_advanced.py::TestMonitorLoop::test_monitoring_interval PASSED [ 54%]
tests/armp/test_monitor_advanced.py::TestMonitorMetricCollection::test_metrics_collection PASSED [ 54%]
tests/armp/test_monitor_advanced.py::TestMonitorMetricCollection::test_metrics_structure PASSED [ 54%]
tests/armp/test_monitor_advanced.py::TestMonitorMetricCollection::test_metrics_accumulation PASSED [ 55%]
tests/armp/test_monitor_advanced.py::TestMonitorViolationHandling::test_violation_detection_triggers_response PASSED [ 55%]
tests/armp/test_monitor_advanced.py::TestMonitorViolationHandling::test_violation_logging PASSED [ 55%]
tests/armp/test_monitor_advanced.py::TestMonitorThreadSafety::test_monitor_thread_safety PASSED [ 55%]
tests/armp/test_monitor_advanced.py::TestMonitorLongRunning::test_long_running_monitor PASSED [ 55%]
tests/armp/test_monitor_advanced.py::TestMonitorLongRunning::test_monitor_with_many_cycles FAILED [ 55%]
tests/connector/test_all_strategies.py::test_smart_select FAILED         [ 55%]
tests/connector/test_all_strategies.py::test_priority_cascade FAILED     [ 55%]
tests/learning/test_pattern_learner.py::test_code_patterns PASSED        [ 55%]
tests/learning/test_pattern_learner.py::test_profile_update PASSED       [ 56%]
tests/learning/test_personalizer.py::test_code_personalization PASSED    [ 56%]
tests/learning/test_personalizer.py::test_integration PASSED             [ 56%]
tests/performance/test_benchmarks.py::TestMemoryOSBenchmarks::test_memory_store_insert_performance PASSED [ 56%]
tests/performance/test_benchmarks.py::TestMemoryOSBenchmarks::test_memory_search_1000_items PASSED [ 56%]
tests/performance/test_benchmarks.py::TestMemoryOSBenchmarks::test_memory_export_performance PASSED [ 56%]
tests/performance/test_benchmarks.py::TestMemoryOSBenchmarks::test_memory_pattern_learning PASSED [ 56%]
tests/performance/test_benchmarks.py::TestVectorSearchBenchmarks::test_vector_search_tfidf_calculation SKIPPED [ 56%]
tests/performance/test_benchmarks.py::TestVectorSearchBenchmarks::test_vector_search_1000_documents SKIPPED [ 56%]
tests/performance/test_benchmarks.py::TestVectorSearchBenchmarks::test_vector_indexing_performance SKIPPED [ 57%]
tests/performance/test_benchmarks.py::TestIdentityBenchmarks::test_identity_surface_evolution PASSED [ 57%]
tests/performance/test_benchmarks.py::TestIdentityBenchmarks::test_identity_context_representation PASSED [ 57%]
tests/performance/test_benchmarks.py::TestIdentityBenchmarks::test_identity_export_import PASSED [ 57%]
tests/performance/test_benchmarks.py::TestIdentityBenchmarks::test_identity_core_hash_generation PASSED [ 57%]
tests/performance/test_benchmarks.py::TestAuthBenchmarks::test_qr_code_generation PASSED [ 57%]
tests/performance/test_benchmarks.py::TestAuthBenchmarks::test_device_sync_preparation FAILED [ 57%]
tests/performance/test_benchmarks.py::TestAuthBenchmarks::test_qr_code_scanning PASSED [ 57%]
tests/performance/test_benchmarks.py::TestWorkflowBenchmarks::test_workflow_validation PASSED [ 57%]
tests/performance/test_benchmarks.py::TestWorkflowBenchmarks::test_workflow_serialization PASSED [ 58%]
tests/performance/test_benchmarks.py::TestWorkflowBenchmarks::test_workflow_deserialization PASSED [ 58%]
tests/performance/test_benchmarks.py::TestARMPBenchmarks::test_armp_detect_all_risks PASSED [ 58%]
tests/performance/test_benchmarks.py::TestARMPBenchmarks::test_armp_prevent_all_risks PASSED [ 58%]
tests/performance/test_benchmarks.py::TestARMPBenchmarks::test_armp_risk_registration PASSED [ 58%]
tests/performance/test_benchmarks.py::TestLoadTests::test_memory_os_load_10000_items FAILED [ 58%]
tests/performance/test_benchmarks.py::TestLoadTests::test_concurrent_identity_evolution PASSED [ 58%]
tests/performance/test_benchmarks.py::TestLoadTests::test_workflow_large_graph_validation PASSED [ 58%]
tests/performance/test_benchmarks.py::TestLoadTests::test_memory_search_large_dataset PASSED [ 58%]
tests/performance/test_load.py::TestMemoryLoad::test_10000_memory_entries PASSED [ 59%]
tests/performance/test_load.py::TestMemoryLoad::test_memory_usage_with_large_dataset PASSED [ 59%]
tests/performance/test_load.py::TestWorkflowLoad::test_1000_workflows PASSED [ 59%]
tests/performance/test_load.py::TestWorkflowLoad::test_large_workflow_validation PASSED [ 59%]
tests/performance/test_load.py::TestIdentityLoad::test_100_concurrent_identity_evolutions PASSED [ 59%]
tests/performance/test_load.py::TestIdentityLoad::test_identity_evolution_memory PASSED [ 59%]
tests/performance/test_load.py::TestDeviceSyncLoad::test_50_simultaneous_device_syncs PASSED [ 59%]
tests/performance/test_load.py::TestPerformanceBudgets::test_memory_budget PASSED [ 59%]
tests/performance/test_load.py::TestPerformanceBudgets::test_disk_budget PASSED [ 59%]
tests/protocols/auth/test_advanced_sync.py::TestSyncConflictResolver::test_resolve_position_conflict_average PASSED [ 60%]
tests/protocols/auth/test_advanced_sync.py::TestSyncConflictResolver::test_resolve_position_conflict_weighted PASSED [ 60%]
tests/protocols/auth/test_advanced_sync.py::TestSyncConflictResolver::test_merge_evolution_histories PASSED [ 60%]
tests/protocols/auth/test_advanced_sync.py::TestSyncConflictResolver::test_resolve_radius_conflict PASSED [ 60%]
tests/protocols/auth/test_advanced_sync.py::TestSyncConflictResolver::test_resolve_texture_conflict PASSED [ 60%]
tests/protocols/auth/test_advanced_sync.py::TestSyncConflictResolver::test_resolve_color_conflict PASSED [ 60%]
tests/protocols/auth/test_advanced_sync.py::TestSyncHistory::test_history_initialization PASSED [ 60%]
tests/protocols/auth/test_advanced_sync.py::TestSyncHistory::test_record_sync PASSED [ 60%]
tests/protocols/auth/test_advanced_sync.py::TestSyncHistory::test_get_sync_summary PASSED [ 60%]
tests/protocols/auth/test_advanced_sync.py::TestSyncHistory::test_get_device_syncs PASSED [ 61%]
tests/protocols/auth/test_advanced_sync.py::TestAdvancedDeviceSync::test_advanced_sync_initialization PASSED [ 61%]
tests/protocols/auth/test_advanced_sync.py::TestAdvancedDeviceSync::test_get_sync_statistics PASSED [ 61%]
tests/protocols/auth/test_advanced_sync.py::TestAdvancedDeviceSync::test_get_device_syncs PASSED [ 61%]
tests/protocols/auth/test_advanced_sync.py::TestAdvancedDeviceSync::test_sync_with_conflict_resolution PASSED [ 61%]
tests/protocols/auth/test_advanced_sync.py::TestIntegration::test_multi_device_sync_workflow PASSED [ 61%]
tests/protocols/auth/test_auth_integration_advanced.py::TestQRCodeSyncCycle::test_qr_generation_scan_sync_cycle PASSED [ 61%]
tests/protocols/auth/test_auth_integration_advanced.py::TestQRCodeSyncCycle::test_qr_expiration PASSED [ 61%]
tests/protocols/auth/test_auth_integration_advanced.py::TestMultiDeviceSync::test_three_device_sync PASSED [ 61%]
tests/protocols/auth/test_auth_integration_advanced.py::TestMultiDeviceSync::test_sync_statistics PASSED [ 62%]
tests/protocols/auth/test_auth_integration_advanced.py::TestConflictResolution::test_position_conflict_resolution PASSED [ 62%]
tests/protocols/auth/test_auth_integration_advanced.py::TestConflictResolution::test_radius_conflict_resolution PASSED [ 62%]
tests/protocols/auth/test_auth_integration_advanced.py::TestConflictResolution::test_evolution_history_merge PASSED [ 62%]
tests/protocols/auth/test_auth_integration_advanced.py::TestOfflineMode::test_sync_history_persistence PASSED [ 62%]
tests/protocols/auth/test_auth_integration_advanced.py::TestOfflineMode::test_sync_history_summary PASSED [ 62%]
tests/protocols/auth/test_auth_integration_advanced.py::TestNetworkFailures::test_handles_scan_failure PASSED [ 62%]
tests/protocols/auth/test_auth_integration_advanced.py::TestNetworkFailures::test_handles_expired_qr PASSED [ 62%]
tests/protocols/auth/test_auth_integration_comprehensive.py::TestCompleteQRSyncWorkflow::test_full_qr_sync_cycle FAILED [ 62%]
tests/protocols/auth/test_auth_integration_comprehensive.py::TestCompleteQRSyncWorkflow::test_qr_data_integrity PASSED [ 63%]
tests/protocols/auth/test_auth_integration_comprehensive.py::TestCompleteQRSyncWorkflow::test_qr_generation_from_identity PASSED [ 63%]
tests/protocols/auth/test_auth_integration_comprehensive.py::TestDeviceSyncInitialization::test_device_sync_setup PASSED [ 63%]
tests/protocols/auth/test_auth_integration_comprehensive.py::TestDeviceSyncInitialization::test_sync_preparation PASSED [ 63%]
tests/protocols/auth/test_auth_integration_comprehensive.py::TestDeviceSyncInitialization::test_identity_extraction FAILED [ 63%]
tests/protocols/auth/test_auth_integration_comprehensive.py::TestMultiDeviceSync::test_two_device_sync SKIPPED [ 63%]
tests/protocols/auth/test_auth_integration_comprehensive.py::TestMultiDeviceSync::test_three_device_sync SKIPPED [ 63%]
tests/protocols/auth/test_auth_integration_comprehensive.py::TestMultiDeviceSync::test_sequential_syncs SKIPPED [ 63%]
tests/protocols/auth/test_auth_integration_comprehensive.py::TestMultiDeviceSync::test_simultaneous_syncs[2] SKIPPED [ 63%]
tests/protocols/auth/test_auth_integration_comprehensive.py::TestMultiDeviceSync::test_simultaneous_syncs[3] SKIPPED [ 64%]
tests/protocols/auth/test_auth_integration_comprehensive.py::TestMultiDeviceSync::test_simultaneous_syncs[5] SKIPPED [ 64%]
tests/protocols/auth/test_auth_integration_comprehensive.py::TestConflictResolution::test_position_conflict XFAIL [ 64%]
tests/protocols/auth/test_auth_integration_comprehensive.py::TestConflictResolution::test_radius_conflict PASSED [ 64%]
tests/protocols/auth/test_auth_integration_comprehensive.py::TestConflictResolution::test_texture_color_conflict XFAIL [ 64%]
tests/protocols/auth/test_auth_integration_comprehensive.py::TestConflictResolution::test_evolution_history_conflict PASSED [ 64%]
tests/protocols/auth/test_auth_integration_comprehensive.py::TestConflictResolution::test_weighted_conflict_resolution PASSED [ 64%]
tests/protocols/auth/test_auth_integration_comprehensive.py::TestSyncHistory::test_history_tracking PASSED [ 64%]
tests/protocols/auth/test_auth_integration_comprehensive.py::TestSyncHistory::test_sync_statistics XFAIL [ 64%]
tests/protocols/auth/test_auth_integration_comprehensive.py::TestSyncHistory::test_device_specific_history PASSED [ 65%]
tests/protocols/auth/test_auth_integration_comprehensive.py::TestSyncHistory::test_history_export PASSED [ 65%]
tests/protocols/auth/test_auth_integration_comprehensive.py::TestOfflineMode::test_offline_queue SKIPPED [ 65%]
tests/protocols/auth/test_auth_integration_comprehensive.py::TestOfflineMode::test_offline_to_online SKIPPED [ 65%]
tests/protocols/auth/test_auth_integration_comprehensive.py::TestOfflineMode::test_partial_sync SKIPPED [ 65%]
tests/protocols/auth/test_auth_integration_comprehensive.py::TestNetworkFailures::test_network_timeout PASSED [ 65%]
tests/protocols/auth/test_auth_integration_comprehensive.py::TestNetworkFailures::test_connection_lost SKIPPED [ 65%]
tests/protocols/auth/test_auth_integration_comprehensive.py::TestNetworkFailures::test_retry_logic FAILED [ 65%]
tests/protocols/auth/test_auth_integration_comprehensive.py::TestEdgeCases::test_large_identity_data FAILED [ 65%]
tests/protocols/auth/test_auth_integration_comprehensive.py::TestEdgeCases::test_corrupted_sync_data FAILED [ 66%]
tests/protocols/auth/test_auth_integration_comprehensive.py::TestEdgeCases::test_version_mismatch FAILED [ 66%]
tests/protocols/auth/test_auth_integration_comprehensive.py::TestEdgeCases::test_empty_identity FAILED [ 66%]
tests/protocols/auth/test_auth_integration_comprehensive.py::TestPerformance::test_qr_generation_speed XPASS [ 66%]
tests/protocols/auth/test_auth_integration_comprehensive.py::TestPerformance::test_sync_speed XFAIL [ 66%]
tests/protocols/auth/test_auth_integration_comprehensive.py::TestPerformance::test_conflict_resolution_speed XPASS [ 66%]
tests/protocols/auth/test_qr_sync.py::TestQRCodeGenerator::test_generator_initialization PASSED [ 66%]
tests/protocols/auth/test_qr_sync.py::TestQRCodeGenerator::test_generate_identity_qr PASSED [ 66%]
tests/protocols/auth/test_qr_sync.py::TestQRCodeGenerator::test_save_qr_image PASSED [ 66%]
tests/protocols/auth/test_qr_sync.py::TestQRCodeGenerator::test_generate_qr_bytes PASSED [ 67%]
tests/protocols/auth/test_qr_sync.py::TestQRCodeScanner::test_scan_from_image FAILED [ 67%]
tests/protocols/auth/test_qr_sync.py::TestQRCodeScanner::test_scan_from_bytes FAILED [ 67%]
tests/protocols/auth/test_qr_sync.py::TestDeviceSync::test_sync_initialization PASSED [ 67%]
tests/protocols/auth/test_qr_sync.py::TestDeviceSync::test_generate_sync_qr PASSED [ 67%]
tests/protocols/auth/test_qr_sync.py::TestDeviceSync::test_generate_sync_qr_with_expiration PASSED [ 67%]
tests/protocols/auth/test_qr_sync.py::TestDeviceSync::test_sync_from_qr_bytes FAILED [ 67%]
tests/protocols/auth/test_qr_sync.py::TestDeviceSync::test_qr_expiration PASSED [ 67%]
tests/protocols/auth/test_qr_sync.py::TestIntegration::test_full_sync_workflow PASSED [ 67%]
tests/protocols/identity/test_identity.py::TestIdentityCore::test_core_creation PASSED [ 68%]
tests/protocols/identity/test_identity.py::TestIdentityCore::test_core_hash_consistency PASSED [ 68%]
tests/protocols/identity/test_identity.py::TestIdentityCore::test_surface_creation PASSED [ 68%]
tests/protocols/identity/test_identity.py::TestIdentityCore::test_surface_evolution PASSED [ 68%]
tests/protocols/identity/test_identity.py::TestIdentityCore::test_export_import PASSED [ 68%]
tests/protocols/identity/test_identity.py::TestIdentitySurface::test_surface_initialization PASSED [ 68%]
tests/protocols/identity/test_identity.py::TestIdentitySurface::test_position_hash_mapping PASSED [ 68%]
tests/protocols/identity/test_identity.py::TestIdentitySurface::test_evolution PASSED [ 68%]
tests/protocols/identity/test_identity.py::TestIdentitySurface::test_context_representation PASSED [ 68%]
tests/protocols/identity/test_identity.py::TestIdentitySurface::test_distance_calculation PASSED [ 69%]
tests/protocols/identity/test_identity.py::TestIdentitySurface::test_export_import PASSED [ 69%]
tests/protocols/identity/test_identity.py::TestBehavioralPatternTracker::test_tracker_initialization PASSED [ 69%]
tests/protocols/identity/test_identity.py::TestBehavioralPatternTracker::test_memory_pattern_tracking PASSED [ 69%]
tests/protocols/identity/test_identity.py::TestBehavioralPatternTracker::test_workflow_pattern_tracking PASSED [ 69%]
tests/protocols/identity/test_identity.py::TestBehavioralPatternTracker::test_preference_change_tracking PASSED [ 69%]
tests/protocols/identity/test_identity.py::TestBehavioralPatternTracker::test_context_switch_tracking PASSED [ 69%]
tests/protocols/identity/test_identity.py::TestBehavioralPatternTracker::test_workflow_completion_tracking PASSED [ 69%]
tests/protocols/identity/test_identity.py::TestBehavioralPatternTracker::test_pii_validation PASSED [ 69%]
tests/protocols/identity/test_identity.py::TestBehavioralPatternTracker::test_pattern_summary PASSED [ 70%]
tests/protocols/identity/test_identity.py::TestBehavioralPatternTracker::test_context_identity PASSED [ 70%]
tests/protocols/identity/test_identity.py::TestBehavioralPatternTracker::test_export_tracking_data PASSED [ 70%]
tests/protocols/identity/test_identity.py::TestIntegration::test_full_workflow PASSED [ 70%]
tests/protocols/identity/test_identity_integration_advanced.py::TestIdentityFullWorkflow::test_identity_core_to_surface_to_tracker PASSED [ 70%]
tests/protocols/identity/test_identity_integration_advanced.py::TestIdentitySurfaceEvolution::test_surface_evolution_100_patterns PASSED [ 70%]
tests/protocols/identity/test_identity_integration_advanced.py::TestIdentitySurfaceEvolution::test_surface_evolution_consistency PASSED [ 70%]
tests/protocols/identity/test_identity_integration_advanced.py::TestIdentityContextRepresentations::test_context_representations PASSED [ 70%]
tests/protocols/identity/test_identity_integration_advanced.py::TestIdentityContextRepresentations::test_context_consistency PASSED [ 70%]
tests/protocols/identity/test_identity_integration_advanced.py::TestIdentityExportImport::test_export_import_cycle PASSED [ 71%]
tests/protocols/identity/test_identity_integration_advanced.py::TestIdentityExportImport::test_export_no_pii PASSED [ 71%]
tests/protocols/identity/test_identity_integration_advanced.py::TestIdentityMemoryIntegration::test_identity_with_memory_patterns PASSED [ 71%]
tests/protocols/identity/test_identity_integration_advanced.py::TestIdentityMemoryIntegration::test_memory_patterns_evolve_identity PASSED [ 71%]
tests/protocols/identity/test_identity_integration_advanced.py::TestIdentityWorkflowIntegration::test_workflow_execution_evolves_identity PASSED [ 71%]
tests/protocols/identity/test_identity_integration_advanced.py::TestIdentityWorkflowIntegration::test_multiple_workflows_evolution PASSED [ 71%]
tests/protocols/identity/test_identity_integration_comprehensive.py::TestCompleteWorkflow::test_identity_core_creation PASSED [ 71%]
tests/protocols/identity/test_identity_integration_comprehensive.py::TestCompleteWorkflow::test_identity_surface_initialization PASSED [ 71%]
tests/protocols/identity/test_identity_integration_comprehensive.py::TestCompleteWorkflow::test_behavioral_pattern_tracker_setup PASSED [ 71%]
tests/protocols/identity/test_identity_integration_comprehensive.py::TestCompleteWorkflow::test_complete_workflow_sequence PASSED [ 72%]
tests/protocols/identity/test_identity_integration_comprehensive.py::TestSurfaceEvolution::test_surface_evolution_100_patterns PASSED [ 72%]
tests/protocols/identity/test_identity_integration_comprehensive.py::TestSurfaceEvolution::test_surface_evolution_consistency PASSED [ 72%]
tests/protocols/identity/test_identity_integration_comprehensive.py::TestSurfaceEvolution::test_surface_properties_evolution PASSED [ 72%]
tests/protocols/identity/test_identity_integration_comprehensive.py::TestContextBasedIdentity::test_multi_context_identity PASSED [ 72%]
tests/protocols/identity/test_identity_integration_comprehensive.py::TestContextBasedIdentity::test_context_identity_consistency PASSED [ 72%]
tests/protocols/identity/test_identity_integration_comprehensive.py::TestContextBasedIdentity::test_context_identity_evolution PASSED [ 72%]
tests/protocols/identity/test_identity_integration_comprehensive.py::TestExportImportCycle::test_export_import_integrity PASSED [ 72%]
tests/protocols/identity/test_identity_integration_comprehensive.py::TestExportImportCycle::test_export_import_with_surface PASSED [ 72%]
tests/protocols/identity/test_identity_integration_comprehensive.py::TestMemoryOSIntegration::test_identity_with_memory_patterns PASSED [ 73%]
tests/protocols/identity/test_identity_integration_comprehensive.py::TestMemoryOSIntegration::test_identity_preference_tracking PASSED [ 73%]
tests/protocols/identity/test_identity_integration_comprehensive.py::TestWorkflowGraphIntegration::test_identity_with_workflow_execution PASSED [ 73%]
tests/protocols/identity/test_identity_integration_comprehensive.py::TestWorkflowGraphIntegration::test_identity_with_workflow_completion PASSED [ 73%]
tests/protocols/identity/test_identity_integration_comprehensive.py::TestPatternTracking::test_track_from_different_sources PASSED [ 73%]
tests/protocols/identity/test_identity_integration_comprehensive.py::TestPatternTracking::test_pattern_tracking_consistency PASSED [ 73%]
tests/protocols/identity/test_identity_integration_comprehensive.py::TestIdentityPersistence::test_identity_persistence PASSED [ 73%]
tests/protocols/identity/test_identity_integration_comprehensive.py::TestIdentityPersistence::test_identity_restoration_after_evolution PASSED [ 73%]
tests/protocols/identity/test_identity_integration_comprehensive.py::TestPerformance::test_surface_evolution_performance PASSED [ 73%]
tests/protocols/identity/test_identity_integration_comprehensive.py::TestPerformance::test_context_representation_performance PASSED [ 74%]
tests/protocols/identity/test_identity_integration_core.py::test_full_workflow_integration PASSED [ 74%]
tests/protocols/identity/test_identity_integration_core.py::test_multi_context_identity PASSED [ 74%]
tests/protocols/identity/test_identity_integration_core.py::test_identity_persistence PASSED [ 74%]
tests/protocols/identity/test_identity_integration_core.py::test_surface_distance_calculation PASSED [ 74%]
tests/protocols/identity/test_identity_integration_core.py::test_pattern_evolution_consistency PASSED [ 74%]
tests/protocols/identity/test_identity_integration_core.py::test_privacy_no_pii_in_export PASSED [ 74%]
tests/protocols/identity/test_identity_integration_core.py::test_memory_integration_safe PASSED [ 74%]
tests/protocols/identity/test_identity_integration_core.py::test_workflow_integration_safe PASSED [ 74%]
tests/protocols/identity/test_pattern_tracker.py::test_tracker_initialization PASSED [ 75%]
tests/protocols/identity/test_pattern_tracker.py::test_track_workflow_completion PASSED [ 75%]
tests/protocols/identity/test_pattern_tracker.py::test_track_preference_update PASSED [ 75%]
tests/protocols/identity/test_pattern_tracker.py::test_track_context_switch PASSED [ 75%]
tests/protocols/identity/test_pattern_tracker.py::test_pattern_summary PASSED [ 75%]
tests/protocols/identity/test_pattern_tracker.py::test_surface_evolution PASSED [ 75%]
tests/protocols/identity/test_pattern_tracker.py::test_workflow_integration PASSED [ 75%]
tests/protocols/identity/test_pattern_tracker.py::test_export_import PASSED [ 75%]
tests/protocols/memory/test_memory_integration.py::TestMemoryOSFullWorkflow::test_full_workflow_initialize_store_search_export PASSED [ 75%]
tests/protocols/memory/test_memory_integration.py::TestMemoryOSLargeDataset::test_store_100_preferences PASSED [ 76%]
tests/protocols/memory/test_memory_integration.py::TestMemoryOSLargeDataset::test_store_1000_patterns PASSED [ 76%]
tests/protocols/memory/test_memory_integration.py::TestMemoryOSLargeDataset::test_search_large_dataset PASSED [ 76%]
tests/protocols/memory/test_memory_integration.py::TestMemoryOSConcurrentAccess::test_concurrent_preference_storage 